1443840
1560576
1593344
1627136
1698816
1730560
1704960
1721344
1709056
1735680
1708032
1726464
1719296
1732608
1728512
1754112
1731584
1753088
1744896
1733632
1726464
1738752
1717248
1725440
1733632
1746944
1736704
1732608
1730560
1733632
1427456
1093632
786432
464896
141312
102400
101376
101376
101376
101376
101376
101376
102400
102400
102400
102400
102400
102400
102400
102400
102400
102400
100352
102400
101376
101376
101376
103424
101376
101376
102400
102400
102400
102400
102400
102400
102400
102400
102400
102400
102400
101376
101376
101376
101376
101376
102400
102400
102400
101376
102400
102400
101376
102400
102400
102400
102400
102400
101376
101376
101376
101376
101376
101376
102400
101376
101376
102400
102400
101376
102400
102400
101376
102400
102400
101376
101376
102400
101376
101376
101376
102400
102400
102400
102400
102400
102400
102400
102400
102400
102400
102400
102400
101376
101376
101376
101376
101376
102400
102400
102400
101376
101376
101376
101376
101376
101376
102400
102400
102400
101376
102400
102400
102400
102400
102400
102400
102400
102400
101376
101376
103424
101376
101376
102400
101376
100352
102400
102400
102400
102400
102400
101376
102400
101376
101376
101376
103424
101376
100352
101376
95046
100352
102400
103424
103424
109568
101376
101376
101376
100352
102400
102400
102400
102400
102400
102400
102400
101376
102400
102400
101376
101376
101376
101376
101376
102400
102400
102400
102400
102400
102400
102400
102400
102400
102400
102400
102400
102400
101376
101376
101376
101376
1388544
1508352
1554432
1594368
1730560
1718272
1719296
1733632
1727488
1705984
1699840
1613824
1522688
1486848
1472512
1448960
1532928
1615872
1638400
1665024
1701888
1681408
1692672
1707008
1686528
1679360
1721344
1696768
1707008
1727488
1732608
1530880
1232896
911360
575488
264192
101376
101376
101376
101376
102400
102400
102400
101376
102400
102400
101376
101376
102400
102400
102400
101376
102400
102400
102400
101376
101376
101376
101376
101376
102400
102400
101376
102400
102400
102400
102400
102400
102400
102400
104448
102400
101376
101376
104448
99328
101376
102400
101376
99623
102400
102400
103424
102400
102400
101376
101376
100352
102400
102400
102400
101376
101376
101376
103424
102400
102400
102400
104448
100352
101376
102400
104448
99328
102400
102400
101376
99778
101376
101376
101376
102400
102400
101376
103424
102400
101376
102400
101376
100352
102400
101376
104448
102400
101376
101376
102400
99328
101376
102400
103424
102400
102400
101376
101376
100352
101376
101376
101376
102400
101376
102400
102400
102400
101376
101376
101376
102400
102400
101376
102400
101376
101376
101376
102400
101376
102400
102400
102400
101376
102400
102400
101376
101376
101376
101376
101376
101376
101376
102400
102400
102400
102400
102400
102400
102400
102400
101376
101376
101376
101376
101376
102400
102400
102400
102400
102400
102400
102400
102400
102400
102400
102400
101376
101376
101376
101376
101376
102400
102400
102400
102400
102400
102400
102400
102400
102400
102400
102400
101376
102400
102400
101376
101376
1243136
1447936
1556480
1603584
1629184
1729536
1589248
1581056
1574912
1601536
1571840
1687552
1683456
1671168
1640448
1645568
1685504
1656832
1661952
1670144
1639424
1603584
1618944
1607680
1588224
1616896
1627136
1565696
1576960
1598464
1581056
1605632
1597440
1293312
962560
673792
358400
101376
101376
101376
101376
101376
101376
102400
102400
95785
94759
82294
66873
55670
56387
50202
123904
138240
148480
153600
159744
101376
100352
102400
102400
101376
102400
103424
102400
102400
102400
102400
102400
102400
102400
102400
101376
101376
101376
101376
101376
102400
102400
102400
102400
101376
102400
102400
102400
101376
102400
102400
102400
102400
101376
101376
101376
101376
104448
102400
102400
102400
104448
99623
102400
101376
102400
99409
102400
102400
102400
101376
102400
101376
103424
101376
101376
102400
104448
100352
101376
102400
104448
100352
102400
102400
104448
99328
101376
101376
102400
99526
101376
101376
103424
100352
102400
102400
103424
100352
102400
102400
103424
100352
101376
102400
103424
100352
101376
101376
102400
100352
101376
101376
101376
101376
101376
101376
101376
102400
98758
102400
102400
102400
102400
105472
102400
102400
102400
102400
102400
101376
101376
101376
102400
101376
102400
102400
101376
101376
102400
101376
101376
101376
101376
101376
101376
102400
102400
102400
102400
102400
102400
102400
102400
102400
102400
101376
101376
101376
101376
101376
101376
101376
102400
101376
102400
102400
102400
102400
102400
102400
102400
102400
102400
101376
101376
