1419182225 949120,000
1419182231 1024849,000
1419182237 1031579,000
1419182243 932134,000
1419182250 1063046,000
1419182256 805978,000
1419182262 1002644,000
1419182268 1036398,000
1419182274 837271,000
1419182280 1038151,000
1419182286 1070427,000
1419182292 1079587,000
1419182298 1040283,000
1419182304 1092531,000
1419182310 1094203,000
1419182316 1093082,000
1419182322 1065305,000
1419182328 1000516,000
1419182334 1055729,000
1419182340 1063014,000
1419182346 1018795,000
1419182352 1023576,000
1419182358 982038,000
1419182365 1021041,000
1419182371 976741,000
1419182377 1015017,000
1419182383 978252,000
1419182389 854344,000
1419182395 960434,000
1419182401 957211,000
1419182407 1031023,000
1419182413 1081866,000
1419182419 1049662,000
1419182425 936983,000
1419182432 947848,000
1419182438 906590,000
1419182444 892028,000
1419182450 961991,000
1419182456 952759,000
1419182462 957458,000
1419182468 1040008,000
1419182474 1039173,000
1419182480 1030962,000
1419182486 1070615,000
1419182492 1011653,000
1419182499 1064447,000
1419182505 1040433,000
1419182511 1013988,000
1419182517 1048348,000
1419182523 961326,000
1419182529 1064106,000
1419182535 1023203,000
1419182541 1056397,000
1419182547 1061555,000
1419182553 954382,000
1419182559 1017458,000
1419182565 1036339,000
1419182571 976582,000
1419182577 1010379,000
1419182583 674845,000
1419182590 1026740,000
1419182596 820161,000
1419182602 1028873,000
1419182608 1043387,000
1419182614 949226,000
1419182620 1090742,000
1419182626 981782,000
1419182632 962497,000
1419182638 963070,000
1419182645 894363,000
1419182651 898898,000
1419182657 1033948,000
1419182663 1037834,000
1419182669 929409,000
1419182675 822660,000
1419182681 860699,000
1419182688 798828,000
1419182694 946531,000
1419182700 1075652,000
1419182706 1095244,000
1419182712 1056014,000
1419182718 1077545,000
1419182724 1001512,000
1419182730 980868,000
1419182736 1008155,000
1419182742 977757,000
1419182748 934674,000
1419182755 948536,000
1419182761 866960,000
1419182767 1006918,000
1419182773 852266,000
1419182779 903692,000
1419182785 573792,000
1419182792 1056195,000
1419182798 951951,000
1419182804 987573,000
1419182810 1003541,000
1419182817 1037446,000
1419182823 1013838,000
1419182829 984096,000
1419182835 971960,000
1419182841 888980,000
1419182847 990735,000
1419182853 995976,000
1419182859 1004932,000
1419182865 980772,000
1419182871 950318,000
1419182877 1012559,000
1419182883 955919,000
1419182890 815954,000
1419182896 858705,000
1419182902 1028380,000
1419182908 972894,000
1419182914 1022639,000
1419182920 1008414,000
1419182926 993738,000
1419182932 994089,000
1419182939 705297,000
1419182945 1000316,000
1419182951 892074,000
1419182957 977039,000
1419182963 992932,000
1419182969 1046163,000
1419182975 979906,000
1419182982 774137,000
1419182988 997574,000
1419182994 1054656,000
1419183000 1046586,000
1419183006 899651,000
1419183012 1039555,000
1419183018 1082509,000
1419183024 901689,000
1419183030 509135,000
1419183038 867376,000
1419183044 868247,000
1419183050 824671,000
1419183056 876292,000
1419183062 872548,000
1419183069 904851,000
1419183075 975772,000
1419183081 915640,000
1419183087 733198,000
1419183094 887862,000
1419183100 946575,000
1419183106 934524,000
1419183112 915024,000
1419183118 930302,000
1419183124 1037607,000
1419183130 949570,000
1419183137 956085,000
1419183143 922815,000
1419183149 939409,000
1419183155 863743,000
1419183161 938543,000
1419183167 844878,000
1419183174 940753,000
1419183180 913984,000
1419183186 933390,000
1419183192 935057,000
1419183198 923295,000
1419183204 948893,000
1419183210 936215,000
1419183217 985501,000
1419183223 902863,000
1419183229 920280,000
1419183235 905418,000
1419183241 746435,000
1419183248 708535,000
1419183254 861719,000
1419183260 940188,000
1419183266 954158,000
1419183273 991620,000
1419183279 927752,000
1419183285 1017433,000
1419183291 931476,000
1419183297 1034689,000
1419183303 855141,000
1419183309 893624,000
1419183315 869182,000
1419183322 825086,000
1419183328 912416,000
1419183334 894083,000
1419183340 899025,000
1419183346 942093,000
1419183353 965994,000
1419183359 1010316,000
1419183365 893115,000
1419183371 977298,000
1419183377 954888,000
1419183383 977448,000
1419183389 985758,000
1419183395 951729,000
1419183401 998895,000
1419183408 1006212,000
1419183414 927995,000
1419183420 952219,000
1419183426 948698,000
1419183432 641399,000
1419183439 917963,000
1419183445 928018,000
1419183451 1040297,000
1419183457 1012226,000
1419183463 991843,000
1419183469 415710,000
1419183477 551887,000
1419183484 830166,000
1419183490 1015755,000
1419183496 1026359,000
1419183502 714245,000
1419183508 984024,000
1419183515 1042318,000
1419183521 960846,000
1419183527 938710,000
1419183533 1031530,000
1419183539 1056786,000
1419183545 1021959,000
1419183551 1036643,000
1419183557 1040874,000
1419183563 1039092,000
1419183569 907562,000
1419183575 1047090,000
1419183581 1013193,000
1419183587 1044468,000
1419183593 1002363,000
1419183599 1010726,000
1419183605 881790,000
1419183612 813105,000
1419183618 824614,000
1419183624 951237,000
1419183630 940097,000
1419183636 904123,000
1419183643 870695,000
1419183649 912733,000
1419183655 842721,000
1419183661 904975,000
1419183667 891272,000
1419183674 945578,000
1419183680 973236,000
1419183686 889304,000
1419183692 860304,000
1419183698 1031140,000
1419183704 882445,000
1419183711 967680,000
1419183717 950095,000
1419183723 923417,000
1419183729 1053255,000
1419183735 945786,000
1419183741 902434,000
1419183747 969346,000
1419183753 987770,000
1419183759 984817,000
1419183765 629021,000
1419183772 950026,000
1419183778 844555,000
1419183785 987938,000
1419183791 891580,000
1419183797 948822,000
1419183803 927226,000
1419183809 676819,000
1419183816 834163,000
1419183822 919584,000
1419183828 930319,000
1419183834 966830,000
1419183840 964896,000
1419183846 950166,000
1419183853 944807,000
1419183859 923478,000
1419183865 931752,000
1419183871 942837,000
1419183877 919137,000
1419183883 947301,000
1419183889 880824,000
1419183896 870838,000
1419183902 935664,000
1419183908 1017596,000
1419183914 921983,000
1419183920 933979,000
1419183926 928419,000
1419183932 991785,000
1419183939 927338,000
1419183945 1017624,000
1419183951 1022030,000
1419183957 909032,000
1419183963 913468,000
1419183969 919196,000
1419183975 903322,000
1419183981 998079,000
1419183988 910964,000
1419183994 871558,000
1419184000 951639,000
1419184006 962001,000
1419184012 937819,000
1419184018 953680,000
1419184024 880979,000
1419184031 904674,000
1419184037 902483,000
1419184043 957544,000
1419184049 875520,000
1419184055 852742,000
1419184062 856686,000
1419184068 877581,000
1419184074 954837,000
1419184080 964661,000
1419184086 913398,000
1419184092 842877,000
1419184099 975337,000
1419184105 686581,000
1419184111 922183,000
1419184117 1028942,000
1419184123 927626,000
1419184130 996011,000
1419184136 951456,000
1419184142 849907,000
1419184148 927135,000
1419184154 926062,000
1419184160 834152,000
1419184167 941109,000
1419184173 846953,000
1419184179 974292,000
1419184185 919586,000
1419184191 982790,000
1419184197 955467,000
1419184203 923885,000
1419184210 1002959,000
1419184216 982256,000
1419184222 968219,000
1419184228 862080,000
1419184234 959758,000
1419184240 954809,000
1419184246 837260,000
1419184253 862892,000
1419184259 925266,000
1419184265 909639,000
1419184271 936693,000
1419184277 947452,000
1419184283 911939,000
1419184290 914154,000
1419184296 991259,000
1419184302 930446,000
1419184308 916402,000
1419184314 910726,000
1419184320 921761,000
1419184326 943412,000
1419184333 911930,000
1419184339 940015,000
1419184345 943066,000
1419184351 971281,000
1419184357 909150,000
1419184363 910949,000
1419184370 929379,000
1419184376 933666,000
1419184382 965024,000
1419184388 946201,000
1419184394 942623,000
1419184400 959396,000
1419184406 961897,000
1419184412 912118,000
1419184419 995784,000
1419184425 868842,000
1419184431 993796,000
1419184437 977831,000
1419184443 896632,000
1419184449 931479,000
1419184455 899120,000
1419184462 937423,000
1419184468 938185,000
1419184474 899667,000
1419184480 910525,000
1419184486 901472,000
1419184492 951888,000
1419184498 949902,000
1419184505 955185,000
1419184511 979911,000
1419184517 981599,000
1419184523 956502,000
1419184529 719316,000
1419184535 926546,000
1419184542 920183,000
1419184548 899939,000
1419184554 913850,000
1419184560 903262,000
1419184566 862624,000
1419184573 906112,000
1419184579 903873,000
1419184585 979047,000
1419184591 825798,000
1419184597 929499,000
1419184603 856758,000
1419184610 988755,000
1419184616 955153,000
1419184622 821927,000
1419184628 965402,000
1419184634 992174,000
1419184640 948584,000
1419184646 954893,000
1419184653 960021,000
1419184659 1083634,000
1419184665 978666,000
1419184671 960772,000
1419184677 950287,000
1419184683 942315,000
1419184689 947725,000
1419184695 927372,000
1419184701 985351,000
1419184708 819095,000
1419184714 944249,000
1419184720 939995,000
1419184726 913369,000
1419184732 935803,000
1419184738 884868,000
1419184745 881149,000
1419184751 979153,000
1419184757 923403,000
1419184763 802689,000
1419184769 903923,000
1419184776 882003,000
1419184782 934833,000
1419184788 1011607,000
1419184794 848565,000
1419184800 999446,000
1419184806 876245,000
1419184812 1036916,000
1419184818 916028,000
1419184825 959727,000
1419184831 534678,000
1419184838 926074,000
1419184844 919174,000
1419184850 845358,000
1419184856 934956,000
1419184862 874991,000
1419184869 969746,000
1419184875 955428,000
1419184881 930515,000
1419184887 971637,000
1419184893 851973,000
1419184899 957579,000
1419184905 904849,000
1419184912 860403,000
1419184918 938481,000
1419184924 909081,000
1419184930 1023925,000
1419184936 1016333,000
1419184942 1017081,000
1419184948 954819,000
1419184954 1058523,000
1419184960 985282,000
1419184967 973504,000
1419184973 1065993,000
1419184979 1062313,000
1419184985 1074072,000
1419184991 1039644,000
1419184997 1078754,000
1419185003 1090280,000
1419185009 1057091,000
1419185015 1068418,000
1419185021 1030624,000
1419185027 1073036,000
1419185033 1057204,000
1419185039 1022503,000
1419185045 1022187,000
1419185051 991054,000
1419185057 982287,000
1419185063 1026677,000
1419185069 1034433,000
1419185075 947993,000
1419185081 970673,000
1419185087 935785,000
1419185093 998324,000
1419185099 899664,000
1419185106 995308,000
1419185112 893140,000
1419185118 999104,000
1419185124 981602,000
1419185130 1073466,000
1419185136 993004,000
1419185142 1068743,000
1419185148 988895,000
1419185154 828541,000
1419185160 964724,000
1419185167 970189,000
1419185173 1086261,000
1419185179 1014142,000
1419185185 1069289,000
1419185191 1051966,000
1419185197 650998,000
1419185203 1085017,000
1419185209 1031147,000
1419185215 1084942,000
1419185221 1043745,000
1419185227 1026951,000
1419185233 1049894,000
1419185239 1005251,000
1419185245 1042814,000
1419185252 1081332,000
1419185258 1032487,000
1419185264 1050274,000
1419185270 1012353,000
1419185276 1073157,000
1419185282 946519,000
1419185288 1036663,000
1419185294 1042223,000
1419185300 1000460,000
1419185306 968255,000
1419185312 1034430,000
1419185318 922038,000
1419185324 1004429,000
1419185330 925390,000
1419185336 773458,000
1419185343 720628,000
1419185349 772432,000
1419185356 337668,000
1419185364 659226,000
1419185370 694370,000
1419185377 793642,000
1419185383 809408,000
1419185390 1011803,000
1419185396 1039855,000
1419185402 940685,000
1419185408 1037999,000
1419185414 991304,000
1419185420 968233,000
1419185426 908832,000
1419185432 880436,000
1419185438 879883,000
1419185445 948411,000
1419185451 982627,000
1419185457 971113,000
1419185463 872284,000
1419185469 857464,000
1419185475 902422,000
1419185481 952892,000
1419185488 889440,000
1419185494 878575,000
1419185500 966079,000
1419185506 880113,000
1419185512 972832,000
1419185518 981696,000
1419185524 954010,000
1419185531 941632,000
1419185537 962306,000
1419185543 951466,000
1419185549 998953,000
1419185555 920472,000
1419185561 589601,000
1419185568 879059,000
1419185574 932325,000
1419185580 913270,000
1419185587 963444,000
1419185593 927901,000
1419185599 987342,000
1419185605 923045,000
1419185611 955728,000
1419185617 992223,000
1419185623 938392,000
1419185629 902601,000
1419185635 776670,000
1419185642 714391,000
1419185648 967587,000
1419185654 993612,000
1419185660 979854,000
1419185667 900095,000
1419185673 942408,000
1419185679 938411,000
1419185685 937441,000
1419185691 706201,000
1419185698 726603,000
1419185704 674027,000
1419185711 866219,000
1419185717 880497,000
1419185723 955175,000
1419185729 893543,000
1419185735 842717,000
1419185742 775628,000
1419185748 911821,000
1419185754 926109,000
1419185760 878567,000
1419185767 871623,000
1419185773 953450,000
1419185779 957037,000
1419185785 960939,000
1419185791 960396,000
1419185797 957351,000
1419185803 960116,000
1419185809 996744,000
1419185816 995125,000
1419185822 904920,000
1419185828 779520,000
1419185834 948045,000
1419185840 913596,000
1419185846 899912,000
1419185853 926278,000
1419185859 975119,000
1419185865 952197,000
1419185871 986632,000
1419185877 976351,000
1419185883 947152,000
1419185889 962579,000
1419185895 986131,000
1419185901 973848,000
1419185908 959069,000
1419185914 883166,000
1419185920 929779,000
1419185926 984469,000
1419185932 983343,000
1419185938 987323,000
1419185944 945647,000
1419185950 912949,000
1419185957 993056,000
1419185963 963367,000
1419185969 1029717,000
1419185975 1030705,000
1419185981 1007335,000
1419185987 1034661,000
1419185993 1034651,000
1419185999 977421,000
1419186005 1055841,000
1419186011 1075198,000
1419186017 1086124,000
1419186023 1010683,000
1419186029 844317,000
1419186035 821170,000
1419186042 946833,000
1419186048 964305,000
1419186054 964331,000
1419186060 969151,000
1419186066 955836,000
1419186072 967583,000
1419186078 927447,000
1419186084 923384,000
1419186090 869990,000
1419186097 853243,000
1419186103 823565,000
1419186109 954777,000
1419186115 920201,000
1419186121 752687,000
1419186128 939230,000
1419186134 904866,000
1419186140 912297,000
1419186146 933184,000
1419186152 934191,000
1419186159 1002935,000
1419186165 999198,000
1419186171 991504,000
1419186177 1002520,000
1419186183 996810,000
1419186189 948383,000
1419186195 1038077,000
1419186201 954516,000
1419186207 1013374,000
1419186213 900869,000
1419186219 861731,000
1419186226 1001201,000
1419186232 636670,000
1419186238 665545,000
1419186245 896269,000
1419186251 921712,000
1419186257 939391,000
1419186264 1009510,000
1419186270 1067227,000
1419186276 1042561,000
1419186282 1040515,000
1419186288 1035435,000
1419186294 945162,000
1419186300 1032463,000
1419186306 1039444,000
1419186312 981421,000
1419186318 993184,000
1419186324 992628,000
1419186330 1015690,000
1419186336 984539,000
1419186342 970364,000
1419186348 972683,000
1419186354 1025840,000
1419186360 959575,000
1419186367 1018955,000
1419186373 970282,000
1419186379 1061878,000
1419186385 1005037,000
1419186391 1036743,000
1419186397 950267,000
1419186403 1060854,000
1419186409 1008345,000
1419186415 1030184,000
1419186421 1064074,000
1419186427 1077202,000
1419186433 1043443,000
1419186439 1072199,000
1419186445 1026993,000
1419186451 1051993,000
1419186457 1097468,000
1419186463 1056428,000
1419186469 987323,000
1419186475 1008401,000
1419186481 911922,000
1419186487 1066447,000
1419186493 1029570,000
