116736
118784
118784
118784
119808
119808
118784
118784
119808
131072
143360
155648
167936
179200
179200
179200
179200
179200
179200
179200
179200
179200
179200
179200
179200
179200
179200
179200
179200
143360
175104
175104
175104
175104
220160
179200
179200
179200
179200
384000
582656
786432
991232
1187840
1191936
1197056
1193984
1196032
1202176
1192960
1197056
1198080
1197056
1198080
1202176
1198080
1199104
1198080
1198080
1198080
1197056
1198080
1197056
1191936
1197056
1198080
1197056
1197056
1203200
1291264
1416192
1500160
1615872
1729536
1759232
1721344
1757184
1746944
1722368
1717248
1745920
1720320
1745920
1753088
1745920
24127
23476
23295
23149
23003
22761
22755
22725
22766
22766
22766
22761
22775
26001
33429
40897
48275
55729
59903
59927
59843
59843
59973
59831
59819
59961
59819
59819
59830
59903
59819
59901
59879
59951
59807
59891
59867
59855
59795
59997
59819
59867
59973
64862
76695
88905
100352
112640
118784
118784
118784
118784
119808
119808
119808
118784
119808
117760
118784
118784
119808
118784
119808
119808
118784
118784
118784
118784
118784
119808
119808
118784
119808
123904
136192
147456
159744
172032
179200
179200
179200
178176
179200
179200
179200
179200
179200
179200
179200
179200
179200
179200
179200
179200
179200
179200
179200
146432
115712
86157
178176
178176
222208
335872
603136
648192
852992
1049600
1197056
1201152
1197056
1196032
1148928
1158144
1164288
1163264
1164288
1216512
1198080
1197056
1197056
1197056
1200128
1203200
1198080
1199104
1198080
1195008
1197056
1197056
1197056
1199104
1199104
1227776
1332224
1440768
1551360
1669120
1754112
1747968
1739776
1757184
1722368
1720320
1718272
1716224
1694720
1599488
1657856
1652736
1557504
1589248
1476608
1469440
1488896
1599488
1613824
1721344
1724416
1716224
1360896
1049600
702464
369664
33802
22686
22725
22743
22756
22761
22775
22743
22761
22675
22761
22779
22766
22775
22811
22775
22756
22775
22725
22788
22729
22738
22761
22764
22716
22903
30409
37781
45059
52726
59975
59831
59915
59831
59831
59759
59913
59866
59913
59866
59951
59855
59771
59999
59879
59819
59927
59819
59795
59963
59937
59855
59901
59949
59819
60274
72412
84426
96271
107520
119808
118784
118784
119808
119808
118784
119808
119808
118784
118784
119808
118784
118784
118784
119808
118784
118784
119808
119808
118784
118784
119808
118784
118784
118784
119808
131072
143360
155648
166912
178176
179200
179200
179200
179200
180224
179200
178176
179200
179200
179200
179200
179200
179200
179200
179200
179200
179200
179200
179200
179200
179200
179200
179200
179200
178176
385024
586752
794624
996352
1200128
1195008
1200128
1189888
1197056
1195008
1200128
1191936
1204224
1198080
1199104
1196032
1201152
1195008
1200128
1190912
1200128
1198080
1197056
1198080
1205248
1195008
1200128
1197056
1196032
1179648
1247232
