1419173384 119289,000
1419173521 21454,000
1419173581 119419,000
1419173641 442387,000
1419173701 41085,000
1419173761 60651,000
1419173821 958906,000
1419173882 20038,000
1419173941 118950,000
1419174001 541108,000
1419174061 41091,000
1419174121 98277,000
1419174181 947326,000
1419174241 20576,000
1419174301 119414,000
1419174361 615871,000
1419174373 1114131,000
1419174384 1585421,000
1419174901 929849,000
1419174913 997788,000
1419174918 1509026,000
1419174924 1689805,000
1419174929 1652330,000
1419174935 1641965,000
1419174858 0,000
1419174875 0,000
1419174962 20749,000
